C51 COMPILER V9.55   BUJIN                                                                 05/31/2019 16:36:37 PAGE 1   


C51 COMPILER V9.55, COMPILATION OF MODULE BUJIN
OBJECT MODULE PLACED IN .\Objects\bujin.obj
COMPILER INVOKED BY: C:\Keil_v5\C51\BIN\C51.EXE Code\bujin.c OPTIMIZE(8,SPEED) BROWSE INCDIR(.\Code;.\Code) DEBUG OBJECT
                    -EXTEND PRINT(.\Listings\bujin.lst) TABS(2) OBJECT(.\Objects\bujin.obj)

line level    source

   1          #include<reg51.h>
   2          #include<bujin.h>
   3          #include"Lcd1602.h"
   4          /*
   5          功能：实现对步进电机的控制
   6          参数：角位移，方向，转速
   7          */
   8          //定义步进电机时序图
   9          code int positiveRe[8]={0x80,0xc0,0x40,0x60,0x20,0x30,0x10,0x90};
  10          
  11          //定义间隔时间，单位为毫秒
  12          unsigned int time;
  13          
  14          
  15          //拓展外部变量i
  16          extern unsigned int i;
  17          extern double arc;
  18          extern bit direction;
  19          extern double n;
  20          extern unsigned count;
  21          extern unsigned char dat[11];
  22          
  23          
  24          //定义数码管显示数组
  25          code unsigned char numbers[10]={0x77,0x14,0xb3,0xb6,0xd4,0xe6,0xef,0x34,0xf7,0xf6};
  26          
  27          void run()
  28          {
  29   1        
  30   1      
  31   1        unsigned int j;
  32   1      
  33   1        //用弧度计算出步数
  34   1        count=(arc/3.14*180)/STEP;
  35   1      
  36   1        //计算每一步大约需要的延时N*10us
  37   1        time=100000l/n/COUNT;
  38   1      
  39   1        //实现脉冲交替变化
  40   1        for(j=0;j<count;j++)
  41   1        {
  42   2          if(direction)
  43   2          switch(j%8)
  44   2          {
  45   3            case 0:PORT=(PORT&0X0F)|positiveRe[0];break;
  46   3            case 1:PORT=(PORT&0X0F)|positiveRe[1];break;
  47   3            case 2:PORT=(PORT&0X0F)|positiveRe[2];break;
  48   3            case 3:PORT=(PORT&0X0F)|positiveRe[3];break;
  49   3            case 4:PORT=(PORT&0X0F)|positiveRe[4];break;
  50   3            case 5:PORT=(PORT&0X0F)|positiveRe[5];break;
  51   3            case 6:PORT=(PORT&0X0F)|positiveRe[6];break;
  52   3            case 7:PORT=(PORT&0X0F)|positiveRe[7];break;
  53   3          }
  54   2          else
C51 COMPILER V9.55   BUJIN                                                                 05/31/2019 16:36:37 PAGE 2   

  55   2            switch(j%8)
  56   2              {
  57   3            case 7:PORT=(PORT&0X0f)|positiveRe[0];break;
  58   3            case 6:PORT=(PORT&0X0f)|positiveRe[1];break;
  59   3            case 5:PORT=(PORT&0X0f)|positiveRe[2];break;
  60   3            case 4:PORT=(PORT&0X0f)|positiveRe[3];break;
  61   3            case 3:PORT=(PORT&0X0f)|positiveRe[4];break;
  62   3            case 2:PORT=(PORT&0X0f)|positiveRe[5];break;
  63   3            case 1:PORT=(PORT&0X0f)|positiveRe[6];break;
  64   3            case 0:PORT=(PORT&0X0f)|positiveRe[7];break;
  65   3              }
  66   2          
  67   2              //更新LCD1602
  68   2              if(j%256==0)
  69   2              {
  70   3                processData((j/256)*6.28/16,direction,n,dat);
  71   3                display(dat);
  72   3                
  73   3              }
  74   2              //判断是否转过了一圈
  75   2            if(j%COUNT==0)
  76   2            {
  77   3              //更新数码管
  78   3                SHUMA=numbers[j/COUNT];
  79   3      
  80   3            }
  81   2            
  82   2            //延时相应时间
  83   2            bujinDelay_n_10us(time-4);
  84   2            
  85   2            //bujinDelay_nms((unsigned int)(time*1000));
  86   2        }
  87   1      }
  88            //延时相应时间
  89            void bujinDelay_n_10us(unsigned int i)
  90            {
  91   1          while(i--);
  92   1        }
  93            
  94          


MODULE INFORMATION:   STATIC OVERLAYABLE
   CODE SIZE        =    387    ----
   CONSTANT SIZE    =     26    ----
   XDATA SIZE       =   ----    ----
   PDATA SIZE       =   ----    ----
   DATA SIZE        =      2       2
   IDATA SIZE       =   ----    ----
   BIT SIZE         =   ----    ----
END OF MODULE INFORMATION.


C51 COMPILATION COMPLETE.  0 WARNING(S),  0 ERROR(S)
