C51 COMPILER V9.55   LCD1602                                                               05/31/2019 16:36:38 PAGE 1   


C51 COMPILER V9.55, COMPILATION OF MODULE LCD1602
OBJECT MODULE PLACED IN .\Objects\Lcd1602.obj
COMPILER INVOKED BY: C:\Keil_v5\C51\BIN\C51.EXE Code\Lcd1602.c OPTIMIZE(8,SPEED) BROWSE INCDIR(.\Code;.\Code) DEBUG OBJE
                    -CTEXTEND PRINT(.\Listings\Lcd1602.lst) TABS(2) OBJECT(.\Objects\Lcd1602.obj)

line level    source

   1          #include<reg51.h>
   2          #include<Lcd1602.h>
   3          #include<intrins.h>
   4          
   5          /*
   6          初始化函数
   7          */
   8          void lcdInitial()
   9          {
  10   1        
  11   1        lcdWriteCommon(0x38);//设置8位格式，两行
  12   1        lcdWriteCommon(0x0c);//整体显示，关光标.不闪烁
  13   1        lcdWriteCommon(0x06);//设定输入方式，增量不移位
  14   1        lcdWriteCommon(0x01);//清除屏幕显示
  15   1        lcdWriteCommon(0x80);  //设置起点
  16   1        delay40us(2);//等待清屏完成
  17   1        
  18   1      }
  19          
  20          //向芯片中写入数据
  21          //上升沿触发数据进入
  22          void lcdWriteCommon(unsigned char common)
  23          {
  24   1      
  25   1        lcdE=0;  //使能
  26   1        lcdRS=0;  //写入数据
  27   1        lcdRW=0;  //写入命令
  28   1        
  29   1        INTERFACE=common;  //传输数据
  30   1        delay40us(1);
  31   1        
  32   1        lcdE=1;   //上升沿触发
  33   1        delay40us(1);
  34   1        lcdE=0;//重新使能
  35   1      
  36   1      
  37   1      
  38   1      }
  39          
  40          //写入数据
  41          void lcdWriteData(unsigned char dat)
  42          {
*** WARNING C235 IN LINE 42 OF Code\Lcd1602.c: parameter 1: different types
  43   1        lcdE=0; //使能
  44   1        lcdRS=1; //选择数据
  45   1        lcdRW=0; //选择写入
  46   1        
  47   1        INTERFACE=dat;  //传输数据
  48   1        delay40us(1);  //等待数据稳定
  49   1        _nop_();
  50   1        
  51   1        lcdE=1;
  52   1        delay40us(1);
  53   1        lcdE=0;  //重新使能
C51 COMPILER V9.55   LCD1602                                                               05/31/2019 16:36:38 PAGE 2   

  54   1        
  55   1      }
  56          
  57          //显示相关字符
  58          void display(unsigned char dat[11])
  59          {
  60   1        unsigned char address=0;
  61   1        unsigned char i=0;
  62   1        unsigned char str1[]="arc:";
  63   1        unsigned char str2[]="dir:";
  64   1        unsigned char str3[]="n:";
  65   1        
  66   1          address+=0x80;//第1行的起始地址加上了相关控制位
  67   1        //显示弧度
  68   1          lcdWriteCommon(address);
  69   1          for(i=0;i<4;i++)
  70   1            {
  71   2              lcdWriteData(str1[i]);
  72   2            }
  73   1          for(i=0;i<5;i++)
  74   1            {
  75   2              lcdWriteData(dat[4-i]);
  76   2            }
  77   1            
  78   1            //显示方向
  79   1          lcdWriteCommon(address+11);   
  80   1          for(i=0;i<4;i++)
  81   1            {
  82   2              lcdWriteData(str2[i]);
  83   2            }
  84   1            lcdWriteData(dat[5]);
  85   1            
  86   1          address=0x00;
  87   1          address+=0xc0;//第2行的起始地址加上了相关控制位
  88   1            //显示角速度
  89   1          lcdWriteCommon(address);
  90   1          for(i=0;i<2;i++)
  91   1            {
  92   2              lcdWriteData(str3[i]);
  93   2            }
  94   1            for(i=0;i<5;i++)
  95   1            {
  96   2              lcdWriteData(dat[10-i]);
  97   2            }
  98   1      }
  99          //延时函数
 100          void delay40us(unsigned char time)
 101          {
 102   1        unsigned char i,j;
 103   1        for(i=time ;i>0;i--)
 104   1          for(j=0;j<2;j++);
 105   1                  
 106   1      }
 107          
 108          //数据处理函数
 109          void processData(double arc,bit direction,double speed,unsigned char dat[11])
 110          {
 111   1        unsigned int temp=0;
 112   1        unsigned int i;
 113   1        
 114   1        //处理弧度
 115   1        temp=arc*100;
C51 COMPILER V9.55   LCD1602                                                               05/31/2019 16:36:38 PAGE 3   

 116   1        for(i=0;i<5;i++)
 117   1        {
 118   2          if(i==2)
 119   2          {
 120   3            dat[i]='.';
 121   3            continue;
 122   3          }
 123   2          dat[i]=temp%10+'0';
 124   2          temp=temp/10;
 125   2        }
 126   1        
 127   1        //处理方向
 128   1        if(direction==1)
 129   1          dat[i++]='S';
 130   1        else
 131   1          dat[i++]='N';
 132   1        
 133   1        //处理速度
 134   1        temp=0;
 135   1        temp=speed*100;
 136   1        for(;i<11;i++)
 137   1        {
 138   2          if(i==8)
 139   2          {
 140   3            dat[i]='.';
 141   3            continue;
 142   3          }
 143   2          dat[i]=temp%10+'0';
 144   2          temp=temp/10;
 145   2        }
 146   1      }


MODULE INFORMATION:   STATIC OVERLAYABLE
   CODE SIZE        =    621    ----
   CONSTANT SIZE    =     13    ----
   XDATA SIZE       =   ----    ----
   PDATA SIZE       =   ----    ----
   DATA SIZE        =   ----      33
   IDATA SIZE       =   ----    ----
   BIT SIZE         =   ----       1
END OF MODULE INFORMATION.


C51 COMPILATION COMPLETE.  1 WARNING(S),  0 ERROR(S)
