C51 COMPILER V9.55   SERIALPORT                                                            05/31/2019 16:36:39 PAGE 1   


C51 COMPILER V9.55, COMPILATION OF MODULE SERIALPORT
OBJECT MODULE PLACED IN .\Objects\serialPort.obj
COMPILER INVOKED BY: C:\Keil_v5\C51\BIN\C51.EXE Code\serialPort.c OPTIMIZE(8,SPEED) BROWSE INCDIR(.\Code;.\Code) DEBUG O
                    -BJECTEXTEND PRINT(.\Listings\serialPort.lst) TABS(2) OBJECT(.\Objects\serialPort.obj)

line level    source

   1          #include"serialPort.h"
   2          
   3          extern bit flag;
   4          //串口初始化函数，
   5          void serialInit()
   6          {
   7   1        TMOD=0X20;//用定时器1的模式2
   8   1        TH1=TL1=0XFD;//波特率设为9600
   9   1        SCON=0X50;//串口方式1，TI和RI清零，允许接收
  10   1        TR1=1;  //打开时钟
  11   1      }
  12          
  13          //定义一个发送一个字节的函数
  14          void sendByte(unsigned char dat)
  15          {
  16   1        SBUF=dat;
  17   1        while(!TI);  //等待完成
  18   1        TI=0;
  19   1      }
  20          
  21          //定义一个接收一个字节的函数
  22          unsigned char readByte()
  23          {
  24   1        unsigned char dat;
  25   1        while(!RI&&flag);
  26   1        dat=SBUF;
  27   1        RI=0;
  28   1        return dat;
  29   1      }


MODULE INFORMATION:   STATIC OVERLAYABLE
   CODE SIZE        =     34    ----
   CONSTANT SIZE    =   ----    ----
   XDATA SIZE       =   ----    ----
   PDATA SIZE       =   ----    ----
   DATA SIZE        =   ----    ----
   IDATA SIZE       =   ----    ----
   BIT SIZE         =   ----    ----
END OF MODULE INFORMATION.


C51 COMPILATION COMPLETE.  0 WARNING(S),  0 ERROR(S)
